Line 55: Class WMPLibCtl.WindowsMediaPlayer of control wmp2 was not a loaded control class.
Line 88: Class WMPLibCtl.WindowsMediaPlayer of control wmp1 was not a loaded control class.
Line 62: The property name URL in wmp2 is invalid.
Line 63: The property name rate in wmp2 is invalid.
Line 64: The property name balance in wmp2 is invalid.
Line 65: The property name currentPosition in wmp2 is invalid.
Line 66: The property name defaultFrame in wmp2 is invalid.
Line 67: The property name playCount in wmp2 is invalid.
Line 68: The property name autoStart in wmp2 is invalid.
Line 69: The property name currentMarker in wmp2 is invalid.
Line 70: The property name invokeURLs in wmp2 is invalid.
Line 71: The property name baseURL in wmp2 is invalid.
Line 72: The property name volume in wmp2 is invalid.
Line 73: The property name mute in wmp2 is invalid.
Line 74: The property name uiMode in wmp2 is invalid.
Line 75: The property name stretchToFit in wmp2 is invalid.
Line 76: The property name windowlessVideo in wmp2 is invalid.
Line 78: The property name enableContextMenu in wmp2 is invalid.
Line 79: The property name fullScreen in wmp2 is invalid.
Line 80: The property name SAMIStyle in wmp2 is invalid.
Line 81: The property name SAMILang in wmp2 is invalid.
Line 82: The property name SAMIFilename in wmp2 is invalid.
Line 83: The property name captioningID in wmp2 is invalid.
Line 84: The property name enableErrorDialogs in wmp2 is invalid.
Line 85: The property name _cx in wmp2 is invalid.
Line 86: The property name _cy in wmp2 is invalid.
Line 95: The property name URL in wmp1 is invalid.
Line 96: The property name rate in wmp1 is invalid.
Line 97: The property name balance in wmp1 is invalid.
Line 98: The property name currentPosition in wmp1 is invalid.
Line 99: The property name defaultFrame in wmp1 is invalid.
Line 100: The property name playCount in wmp1 is invalid.
Line 101: The property name autoStart in wmp1 is invalid.
Line 102: The property name currentMarker in wmp1 is invalid.
Line 103: The property name invokeURLs in wmp1 is invalid.
Line 104: The property name baseURL in wmp1 is invalid.
Line 105: The property name volume in wmp1 is invalid.
Line 106: The property name mute in wmp1 is invalid.
Line 107: The property name uiMode in wmp1 is invalid.
Line 108: The property name stretchToFit in wmp1 is invalid.
Line 109: The property name windowlessVideo in wmp1 is invalid.
Line 111: The property name enableContextMenu in wmp1 is invalid.
Line 112: The property name fullScreen in wmp1 is invalid.
Line 113: The property name SAMIStyle in wmp1 is invalid.
Line 114: The property name SAMILang in wmp1 is invalid.
Line 115: The property name SAMIFilename in wmp1 is invalid.
Line 116: The property name captioningID in wmp1 is invalid.
Line 117: The property name enableErrorDialogs in wmp1 is invalid.
Line 118: The property name _cx in wmp1 is invalid.
Line 119: The property name _cy in wmp1 is invalid.
